Arguments: 
  /Users/jon/.nvm/versions/node/v14.16.0/bin/node /Users/jon/.nvm/versions/node/v14.16.0/bin/yarn

PATH: 
  /Users/jon/.volta/bin:/Users/jon/.rbenv/shims:/Users/jon/go/bin:/Users/jon/.yarn/bin:/Users/jon/.config/yarn/global/node_modules/.bin:/Users/jon/.nvm/versions/node/v14.16.0/bin:/Users/jon/.nvm/versions/node/v14.16.0/bin:/Users/jon/.nvm/versions/node/v14.16.0/bin:/usr/local/bin:/usr/bin:/bin:/usr/sbin:/sbin:/usr/local/share/dotnet:~/.dotnet/tools:/Library/Apple/usr/bin:/Users/jon/.volta/bin:/Users/jon/.rbenv/shims:/Users/jon/go/bin:/Users/jon/.yarn/bin:/Users/jon/.config/yarn/global/node_modules/.bin:/Users/jon/.nvm/versions/node/v14.16.0/bin

Yarn version: 
  1.22.10

Node version: 
  14.16.0

Platform: 
  darwin x64

Trace: 
  SyntaxError: /Users/jon/src/allocate/qa-sandbox/web/package.json: Unexpected token } in JSON at position 823
      at JSON.parse (<anonymous>)
      at /Users/jon/.nvm/versions/node/v14.16.0/lib/node_modules/yarn/lib/cli.js:1625:59
      at Generator.next (<anonymous>)
      at step (/Users/jon/.nvm/versions/node/v14.16.0/lib/node_modules/yarn/lib/cli.js:310:30)
      at /Users/jon/.nvm/versions/node/v14.16.0/lib/node_modules/yarn/lib/cli.js:321:13

npm manifest: 
  {
    "name": "qa-sandbox-web",
    "version": "0.0.0",
    "scripts": {
      "dev": "vite",
      "build": "vite build",
      "serve": "vite dev",
      "test": "bin/test.sh",
      "test:review": "open backstop_data/html_report/index.html",
      "test:approve": "backstop approve",
      "ecr:login": "aws ecr get-login-password --region us-east-1 | docker login --username AWS --password-stdin 212314782118.dkr.ecr.us-east-1.amazonaws.com"
    },
    "dependencies": {
      "@rollup/plugin-yaml": "^3.0.0",
      "autoprefixer": "^10.3.4",
      "axios": "^0.21.1",
      "chart.js": "^3.1.1",
      "date-fns": "^2.23.0",
      "dayjs": "^1.10.4",
      "firebase": "^8.6.2",
      "sanitize.css": "^12.0.1",
      "vue": "^3.0.10",
      "vue-router": "^4.0.5",
      "vue-toastification": "^2.0.0-rc.1",
      "vue3-chart-v2": "^0.8.2",
      "vuex": "^4.0.0",
    },
    "devDependencies": {
      "@vitejs/plugin-vue": "^1.1.4",
      "@vue/compiler-sfc": "^3.0.10",
      "sass": "^1.32.8",
      "vite": "^2.0.1"
    }
  }

yarn manifest: 
  No manifest

Lockfile: 
  # THIS IS AN AUTOGENERATED FILE. DO NOT EDIT THIS FILE DIRECTLY.
  # yarn lockfile v1
  
  
  "@babel/helper-validator-identifier@^7.14.0":
    version "7.14.0"
    resolved "https://registry.yarnpkg.com/@babel/helper-validator-identifier/-/helper-validator-identifier-7.14.0.tgz#d26cad8a47c65286b15df1547319a5d0bcf27288"
    integrity sha512-V3ts7zMSu5lfiwWDVWzRDGIN+lnCEUdaXgtVHJgLb1rGaA6jMrtB9EmE7L18foXJIE8Un/A/h6NJfGQp/e1J4A==
  
  "@babel/parser@^7.12.0", "@babel/parser@^7.13.9":
    version "7.14.3"
    resolved "https://registry.yarnpkg.com/@babel/parser/-/parser-7.14.3.tgz#9b530eecb071fd0c93519df25c5ff9f14759f298"
    integrity sha512-7MpZDIfI7sUC5zWo2+foJ50CSI5lcqDehZ0lVgIhSi4bFEk94fLAKlF3Q0nzSQQ+ca0lm+O6G9ztKVBeu8PMRQ==
  
  "@babel/types@^7.12.0", "@babel/types@^7.13.0":
    version "7.14.2"
    resolved "https://registry.yarnpkg.com/@babel/types/-/types-7.14.2.tgz#4208ae003107ef8a057ea8333e56eb64d2f6a2c3"
    integrity sha512-SdjAG/3DikRHpUOjxZgnkbR11xUlyDMUFJdvnIgZEE16mqmY0BINMmc4//JMJglEmn6i7sq6p+mGrFWyZ98EEw==
    dependencies:
      "@babel/helper-validator-identifier" "^7.14.0"
      to-fast-properties "^2.0.0"
  
  "@firebase/analytics-types@0.4.0":
    version "0.4.0"
    resolved "https://registry.yarnpkg.com/@firebase/analytics-types/-/analytics-types-0.4.0.tgz#d6716f9fa36a6e340bc0ecfe68af325aa6f60508"
    integrity sha512-Jj2xW+8+8XPfWGkv9HPv/uR+Qrmq37NPYT352wf7MvE9LrstpLVmFg3LqG6MCRr5miLAom5sen2gZ+iOhVDeRA==
  
  "@firebase/analytics@0.6.10":
    version "0.6.10"
    resolved "https://registry.yarnpkg.com/@firebase/analytics/-/analytics-0.6.10.tgz#e2438d57fa289d1f05ca1a2ea7aedee10501fc3e"
    integrity sha512-dLOAfeHYKkt1mhFNzrST6X0W5Og/VKhH7VP03YlUwz1STKtPve/KV32IynjMEBgnI6DC1NIAX3V0jYK6KBum4A==
    dependencies:
      "@firebase/analytics-types" "0.4.0"
      "@firebase/component" "0.5.0"
      "@firebase/installations" "0.4.26"
      "@firebase/logger" "0.2.6"
      "@firebase/util" "1.1.0"
      tslib "^2.1.0"
  
  "@firebase/app-check-interop-types@0.1.0":
    version "0.1.0"
    resolved "https://registry.yarnpkg.com/@firebase/app-check-interop-types/-/app-check-interop-types-0.1.0.tgz#83afd9d41f99166c2bdb2d824e5032e9edd8fe53"
    integrity sha512-uZfn9s4uuRsaX5Lwx+gFP3B6YsyOKUE+Rqa6z9ojT4VSRAsZFko9FRn6OxQUA1z5t5d08fY4pf+/+Dkd5wbdbA==
  
  "@firebase/app-check-types@0.1.0":
    version "0.1.0"
    resolved "https://registry.yarnpkg.com/@firebase/app-check-types/-/app-check-types-0.1.0.tgz#75602650c5f118891834280b72addcac513c4b7d"
    integrity sha512-jf92QzVkj9ulyp/K01h/GpVYNSjuk6DP9nHkq4AUyM+35e96cl9gL3+qOTD0//5CVfrWjRo7+lbVlW2OpG/JDQ==
  
  "@firebase/app-check@0.1.1":
    version "0.1.1"
    resolved "https://registry.yarnpkg.com/@firebase/app-check/-/app-check-0.1.1.tgz#26c15df13048a86c025590f8b8b579f3f9b8b99c"
    integrity sha512-nBNiyhbCBpaVfVNjwGor+f0LZkn5kf1QRdMPbRyZUJG6BjTByMhNmbezEaCWNO0MNBhsNqYqiXUivHJU4A3+2Q==
    dependencies:
      "@firebase/app-check-interop-types" "0.1.0"
      "@firebase/app-check-types" "0.1.0"
      "@firebase/component" "0.5.0"
      "@firebase/logger" "0.2.6"
      "@firebase/util" "1.1.0"
      tslib "^2.1.0"
  
  "@firebase/app-types@0.6.2":
    version "0.6.2"
    resolved "https://registry.yarnpkg.com/@firebase/app-types/-/app-types-0.6.2.tgz#8578cb1061a83ced4570188be9e225d54e0f27fb"
    integrity sha512-2VXvq/K+n8XMdM4L2xy5bYp2ZXMawJXluUIDzUBvMthVR+lhxK4pfFiqr1mmDbv9ydXvEAuFsD+6DpcZuJcSSw==
  
  "@firebase/app@0.6.22":
    version "0.6.22"
    resolved "https://registry.yarnpkg.com/@firebase/app/-/app-0.6.22.tgz#099f51d2c4302d2c99da82994cd176b5a568cfcc"
    integrity sha512-9E0KP7Z+LpBOx/oQauLYvf3XleYpbfoi058wStADUtP+eOX5GIImAFNDTOO4ZNuJfLgyrHpKi7Cct6mDdxrz+g==
    dependencies:
      "@firebase/app-types" "0.6.2"
      "@firebase/component" "0.5.0"
      "@firebase/logger" "0.2.6"
      "@firebase/util" "1.1.0"
      dom-storage "2.1.0"
      tslib "^2.1.0"
      xmlhttprequest "1.8.0"
  
  "@firebase/auth-interop-types@0.1.6":
    version "0.1.6"
    resolved "https://registry.yarnpkg.com/@firebase/auth-interop-types/-/auth-interop-types-0.1.6.tgz#5ce13fc1c527ad36f1bb1322c4492680a6cf4964"
    integrity sha512-etIi92fW3CctsmR9e3sYM3Uqnoq861M0Id9mdOPF6PWIg38BXL5k4upCNBggGUpLIS0H1grMOvy/wn1xymwe2g==
  
  "@firebase/auth-types@0.10.3":
    version "0.10.3"
    resolved "https://registry.yarnpkg.com/@firebase/auth-types/-/auth-types-0.10.3.tgz#2be7dd93959c8f5304c63e09e98718e103464d8c"
    integrity sha512-zExrThRqyqGUbXOFrH/sowuh2rRtfKHp9SBVY2vOqKWdCX1Ztn682n9WLtlUDsiYVIbBcwautYWk2HyCGFv0OA==
  
  "@firebase/auth@0.16.6":
    version "0.16.6"
    resolved "https://registry.yarnpkg.com/@firebase/auth/-/auth-0.16.6.tgz#0fc7a11561b939865fd486cd1909a3e81742fd82"
    integrity sha512-1Lj3AY40Z2weCK6FuJqUEkeVJpRaaCo1LT6P5s3VIR99PDYLHeMm2m02rBaskE7ralJA975Vkv7sHrpykRfDrA==
    dependencies:
      "@firebase/auth-types" "0.10.3"
  
  "@firebase/component@0.5.0":
    version "0.5.0"
    resolved "https://registry.yarnpkg.com/@firebase/component/-/component-0.5.0.tgz#f5b577d6c6f78d0f12fdc45046108921507f49c9"
    integrity sha512-v18csWtXb0ri+3m7wuGLY/UDgcb89vuMlZGQ//+7jEPLIQeLbylvZhol1uzW9WzoOpxMxOS2W5qyVGX36wZvEA==
    dependencies:
      "@firebase/util" "1.1.0"
      tslib "^2.1.0"
  
  "@firebase/database-types@0.7.2":
    version "0.7.2"
    resolved "https://registry.yarnpkg.com/@firebase/database-types/-/database-types-0.7.2.tgz#449c4b36ec59a1ad9089797b540e2ba1c0d4fcbf"
    integrity sha512-cdAd/dgwvC0r3oLEDUR+ULs1vBsEvy0b27nlzKhU6LQgm9fCDzgaH9nFGv8x+S9dly4B0egAXkONkVoWcOAisg==
    dependencies:
      "@firebase/app-types" "0.6.2"
  
  "@firebase/database@0.10.1":
    version "0.10.1"
    resolved "https://registry.yarnpkg.com/@firebase/database/-/database-0.10.1.tgz#1e8c64519552f225a4a88e7dae09ecf29447f2be"
    integrity sha512-umT0kynJKc5VpVBOg3+YTDzdJORssh+QqPjoHfbSvtmgZizNiV8mgmKRcDhlVM6CisPb6v5xBn9l8JbK/WRQ1Q==
    dependencies:
      "@firebase/auth-interop-types" "0.1.6"
      "@firebase/component" "0.5.0"
      "@firebase/database-types" "0.7.2"
      "@firebase/logger" "0.2.6"
      "@firebase/util" "1.1.0"
      faye-websocket "0.11.3"
      tslib "^2.1.0"
  
  "@firebase/firestore-types@2.3.0":
    version "2.3.0"
    resolved "https://registry.yarnpkg.com/@firebase/firestore-types/-/firestore-types-2.3.0.tgz#baf5c9470ba8be96bf0d76b83b413f03104cf565"
    integrity sha512-QTW7NP7nDL0pgT/X53lyj+mIMh4nRQBBTBlRNQBt7eSyeqBf3ag3bxdQhCg358+5KbjYTC2/O6QtX9DlJZmh1A==
  
  "@firebase/firestore@2.3.1":
    version "2.3.1"
    resolved "https://registry.yarnpkg.com/@firebase/firestore/-/firestore-2.3.1.tgz#b0c3ff842b4b11e9888cada6e9b421eb9797c5c3"
    integrity sha512-8xQB8o8OmmecXLWwGUbH2V2GifsR3hh/HBgcS0i6OyMYcXb3guZiX6dSbBlSDkak13NNxlSo7R6168aKB/8x7g==
    dependencies:
      "@firebase/component" "0.5.0"
      "@firebase/firestore-types" "2.3.0"
      "@firebase/logger" "0.2.6"
      "@firebase/util" "1.1.0"
      "@firebase/webchannel-wrapper" "0.4.1"
      "@grpc/grpc-js" "^1.0.0"
      "@grpc/proto-loader" "^0.5.0"
      node-fetch "2.6.1"
      tslib "^2.1.0"
  
  "@firebase/functions-types@0.4.0":
    version "0.4.0"
    resolved "https://registry.yarnpkg.com/@firebase/functions-types/-/functions-types-0.4.0.tgz#0b789f4fe9a9c0b987606c4da10139345b40f6b9"
    integrity sha512-3KElyO3887HNxtxNF1ytGFrNmqD+hheqjwmT3sI09FaDCuaxGbOnsXAXH2eQ049XRXw9YQpHMgYws/aUNgXVyQ==
  
  "@firebase/functions@0.6.9":
    version "0.6.9"
    resolved "https://registry.yarnpkg.com/@firebase/functions/-/functions-0.6.9.tgz#6e38c9aa411949d8697bf662bb8da8a0837addae"
    integrity sha512-WgrT3EG+O70pYpX2KQM2S2Is2WJbKE6XImoloMglIqiaquOCXNR9LUVbGPWQr7qEqY+QojfTgF/bGH0awqm2KA==
    dependencies:
      "@firebase/component" "0.5.0"
      "@firebase/functions-types" "0.4.0"
      "@firebase/messaging-types" "0.5.0"
      node-fetch "2.6.1"
      tslib "^2.1.0"
  
  "@firebase/installations-types@0.3.4":
    version "0.3.4"
    resolved "https://registry.yarnpkg.com/@firebase/installations-types/-/installations-types-0.3.4.tgz#589a941d713f4f64bf9f4feb7f463505bab1afa2"
    integrity sha512-RfePJFovmdIXb6rYwtngyxuEcWnOrzdZd9m7xAW0gRxDIjBT20n3BOhjpmgRWXo/DAxRmS7bRjWAyTHY9cqN7Q==
  
  "@firebase/installations@0.4.26":
    version "0.4.26"
    resolved "https://registry.yarnpkg.com/@firebase/installations/-/installations-0.4.26.tgz#34133944123d92077674dcec81e32b4fccd92021"
    integrity sha512-bHc6jlV8p1cX+GK38key4BooeZZ42//nKPmf3POWren0bACjnfHJuMnOBDuyw22ss3z6wUdiFNQjeUxvD4btGg==
    dependencies:
      "@firebase/component" "0.5.0"
      "@firebase/installations-types" "0.3.4"
      "@firebase/util" "1.1.0"
      idb "3.0.2"
      tslib "^2.1.0"
  
  "@firebase/logger@0.2.6":
    version "0.2.6"
    resolved "https://registry.yarnpkg.com/@firebase/logger/-/logger-0.2.6.tgz#3aa2ca4fe10327cabf7808bd3994e88db26d7989"
    integrity sha512-KIxcUvW/cRGWlzK9Vd2KB864HlUnCfdTH0taHE0sXW5Xl7+W68suaeau1oKNEqmc3l45azkd4NzXTCWZRZdXrw==
  
  "@firebase/messaging-types@0.5.0":
    version "0.5.0"
    resolved "https://registry.yarnpkg.com/@firebase/messaging-types/-/messaging-types-0.5.0.tgz#c5d0ef309ced1758fda93ef3ac70a786de2e73c4"
    integrity sha512-QaaBswrU6umJYb/ZYvjR5JDSslCGOH6D9P136PhabFAHLTR4TWjsaACvbBXuvwrfCXu10DtcjMxqfhdNIB1Xfg==
  
  "@firebase/messaging@0.7.10":
    version "0.7.10"
    resolved "https://registry.yarnpkg.com/@firebase/messaging/-/messaging-0.7.10.tgz#a46fb689d7feed46b2112cb08dd44993c6ceecec"
    integrity sha512-Z5ui3kc1GbPf2+kwNvr0HjguBbi0xTkR7/BHodHHGpz0ycuY/J2/Cl9SgwhEuB52kme4ca9sKwV1g0Ln2/iARw==
    dependencies:
      "@firebase/component" "0.5.0"
      "@firebase/installations" "0.4.26"
      "@firebase/messaging-types" "0.5.0"
      "@firebase/util" "1.1.0"
      idb "3.0.2"
      tslib "^2.1.0"
  
  "@firebase/performance-types@0.0.13":
    version "0.0.13"
    resolved "https://registry.yarnpkg.com/@firebase/performance-types/-/performance-types-0.0.13.tgz#58ce5453f57e34b18186f74ef11550dfc558ede6"
    integrity sha512-6fZfIGjQpwo9S5OzMpPyqgYAUZcFzZxHFqOyNtorDIgNXq33nlldTL/vtaUZA8iT9TT5cJlCrF/jthKU7X21EA==
  
  "@firebase/performance@0.4.12":
    version "0.4.12"
    resolved "https://registry.yarnpkg.com/@firebase/performance/-/performance-0.4.12.tgz#fe4068ad29682d127e4ef1efc6dcca7c68f3ac39"
    integrity sha512-dFV0OR5IpHZwfOLFkEZuUVFmaJQresmS5G4UNFGk1E0VwU4feZ3roq75dJVYehclJxmbzgMM9M/U1bZ1/9wt3g==
    dependencies:
      "@firebase/component" "0.5.0"
      "@firebase/installations" "0.4.26"
      "@firebase/logger" "0.2.6"
      "@firebase/performance-types" "0.0.13"
      "@firebase/util" "1.1.0"
      tslib "^2.1.0"
  
  "@firebase/polyfill@0.3.36":
    version "0.3.36"
    resolved "https://registry.yarnpkg.com/@firebase/polyfill/-/polyfill-0.3.36.tgz#c057cce6748170f36966b555749472b25efdb145"
    integrity sha512-zMM9oSJgY6cT2jx3Ce9LYqb0eIpDE52meIzd/oe/y70F+v9u1LDqk5kUF5mf16zovGBWMNFmgzlsh6Wj0OsFtg==
    dependencies:
      core-js "3.6.5"
      promise-polyfill "8.1.3"
      whatwg-fetch "2.0.4"
  
  "@firebase/remote-config-types@0.1.9":
    version "0.1.9"
    resolved "https://registry.yarnpkg.com/@firebase/remote-config-types/-/remote-config-types-0.1.9.tgz#fe6bbe4d08f3b6e92fce30e4b7a9f4d6a96d6965"
    integrity sha512-G96qnF3RYGbZsTRut7NBX0sxyczxt1uyCgXQuH/eAfUCngxjEGcZQnBdy6mvSdqdJh5mC31rWPO4v9/s7HwtzA==
  
  "@firebase/remote-config@0.1.37":
    version "0.1.37"
    resolved "https://registry.yarnpkg.com/@firebase/remote-config/-/remote-config-0.1.37.tgz#b79fe81231d3ca1325836a8aa9756cb7aa587d3a"
    integrity sha512-SYjDOsEoUeqX1CYnUtXqVtM8MpVm2qx2Dp8NLRlLcPp/FieEza/mjRNVHBojMKuFjmyQp/RdPG8R0I9xDJ4PsQ==
    dependencies:
      "@firebase/component" "0.5.0"
      "@firebase/installations" "0.4.26"
      "@firebase/logger" "0.2.6"
      "@firebase/remote-config-types" "0.1.9"
      "@firebase/util" "1.1.0"
      tslib "^2.1.0"
  
  "@firebase/storage-types@0.4.1":
    version "0.4.1"
    resolved "https://registry.yarnpkg.com/@firebase/storage-types/-/storage-types-0.4.1.tgz#da6582ae217e3db485c90075dc71100ca5064cc6"
    integrity sha512-IM4cRzAnQ6QZoaxVZ5MatBzqXVcp47hOlE28jd9xXw1M9V7gfjhmW0PALGFQx58tPVmuUwIKyoEbHZjV4qRJwQ==
  
  "@firebase/storage@0.5.2":
    version "0.5.2"
    resolved "https://registry.yarnpkg.com/@firebase/storage/-/storage-0.5.2.tgz#146cb4c7838c6e3602b32a43786dcabd16f668fb"
    integrity sha512-D2lZixL6E2iXE4jObtlA3UnAbcMd3657erotiuZt5ap95m1fogiPV/gIq3KLIaT5sFdfbbDQn9mm6hVKhobYHA==
    dependencies:
      "@firebase/component" "0.5.0"
      "@firebase/storage-types" "0.4.1"
      "@firebase/util" "1.1.0"
      tslib "^2.1.0"
  
  "@firebase/util@1.1.0":
    version "1.1.0"
    resolved "https://registry.yarnpkg.com/@firebase/util/-/util-1.1.0.tgz#add2d57d0b2307a932520abdee303b66be0ac8b0"
    integrity sha512-lfuSASuPKNdfebuFR8rjFamMQUPH9iiZHcKS755Rkm/5gRT0qC7BMhCh3ZkHf7NVbplzIc/GhmX2jM+igDRCag==
    dependencies:
      tslib "^2.1.0"
  
  "@firebase/webchannel-wrapper@0.4.1":
    version "0.4.1"
    resolved "https://registry.yarnpkg.com/@firebase/webchannel-wrapper/-/webchannel-wrapper-0.4.1.tgz#600f2275ff54739ad5ac0102f1467b8963cd5f71"
    integrity sha512-0yPjzuzGMkW1GkrC8yWsiN7vt1OzkMIi9HgxRmKREZl2wnNPOKo/yScTjXf/O57HM8dltqxPF6jlNLFVtc2qdw==
  
  "@grpc/grpc-js@^1.0.0":
    version "1.3.2"
    resolved "https://registry.yarnpkg.com/@grpc/grpc-js/-/grpc-js-1.3.2.tgz#eae97e6daf5abd49a7818aadeca0744dfb1ebca1"
    integrity sha512-UXepkOKCATJrhHGsxt+CGfpZy9zUn1q9mop5kfcXq1fBkTePxVNPOdnISlCbJFlCtld+pSLGyZCzr9/zVprFKA==
    dependencies:
      "@types/node" ">=12.12.47"
  
  "@grpc/proto-loader@^0.5.0":
    version "0.5.6"
    resolved "https://registry.yarnpkg.com/@grpc/proto-loader/-/proto-loader-0.5.6.tgz#1dea4b8a6412b05e2d58514d507137b63a52a98d"
    integrity sha512-DT14xgw3PSzPxwS13auTEwxhMMOoz33DPUKNtmYK/QYbBSpLXJy78FGGs5yVoxVobEqPm4iW9MOIoz0A3bLTRQ==
    dependencies:
      lodash.camelcase "^4.3.0"
      protobufjs "^6.8.6"
  
  "@protobufjs/aspromise@^1.1.1", "@protobufjs/aspromise@^1.1.2":
    version "1.1.2"
    resolved "https://registry.yarnpkg.com/@protobufjs/aspromise/-/aspromise-1.1.2.tgz#9b8b0cc663d669a7d8f6f5d0893a14d348f30fbf"
    integrity sha1-m4sMxmPWaafY9vXQiToU00jzD78=
  
  "@protobufjs/base64@^1.1.2":
    version "1.1.2"
    resolved "https://registry.yarnpkg.com/@protobufjs/base64/-/base64-1.1.2.tgz#4c85730e59b9a1f1f349047dbf24296034bb2735"
    integrity sha512-AZkcAA5vnN/v4PDqKyMR5lx7hZttPDgClv83E//FMNhR2TMcLUhfRUBHCmSl0oi9zMgDDqRUJkSxO3wm85+XLg==
  
  "@protobufjs/codegen@^2.0.4":
    version "2.0.4"
    resolved "https://registry.yarnpkg.com/@protobufjs/codegen/-/codegen-2.0.4.tgz#7ef37f0d010fb028ad1ad59722e506d9262815cb"
    integrity sha512-YyFaikqM5sH0ziFZCN3xDC7zeGaB/d0IUb9CATugHWbd1FRFwWwt4ld4OYMPWu5a3Xe01mGAULCdqhMlPl29Jg==
  
  "@protobufjs/eventemitter@^1.1.0":
    version "1.1.0"
    resolved "https://registry.yarnpkg.com/@protobufjs/eventemitter/-/eventemitter-1.1.0.tgz#355cbc98bafad5978f9ed095f397621f1d066b70"
    integrity sha1-NVy8mLr61ZePntCV85diHx0Ga3A=
  
  "@protobufjs/fetch@^1.1.0":
    version "1.1.0"
    resolved "https://registry.yarnpkg.com/@protobufjs/fetch/-/fetch-1.1.0.tgz#ba99fb598614af65700c1619ff06d454b0d84c45"
    integrity sha1-upn7WYYUr2VwDBYZ/wbUVLDYTEU=
    dependencies:
      "@protobufjs/aspromise" "^1.1.1"
      "@protobufjs/inquire" "^1.1.0"
  
  "@protobufjs/float@^1.0.2":
    version "1.0.2"
    resolved "https://registry.yarnpkg.com/@protobufjs/float/-/float-1.0.2.tgz#5e9e1abdcb73fc0a7cb8b291df78c8cbd97b87d1"
    integrity sha1-Xp4avctz/Ap8uLKR33jIy9l7h9E=
  
  "@protobufjs/inquire@^1.1.0":
    version "1.1.0"
    resolved "https://registry.yarnpkg.com/@protobufjs/inquire/-/inquire-1.1.0.tgz#ff200e3e7cf2429e2dcafc1140828e8cc638f089"
    integrity sha1-/yAOPnzyQp4tyvwRQIKOjMY48Ik=
  
  "@protobufjs/path@^1.1.2":
    version "1.1.2"
    resolved "https://registry.yarnpkg.com/@protobufjs/path/-/path-1.1.2.tgz#6cc2b20c5c9ad6ad0dccfd21ca7673d8d7fbf68d"
    integrity sha1-bMKyDFya1q0NzP0hynZz2Nf79o0=
  
  "@protobufjs/pool@^1.1.0":
    version "1.1.0"
    resolved "https://registry.yarnpkg.com/@protobufjs/pool/-/pool-1.1.0.tgz#09fd15f2d6d3abfa9b65bc366506d6ad7846ff54"
    integrity sha1-Cf0V8tbTq/qbZbw2ZQbWrXhG/1Q=
  
  "@protobufjs/utf8@^1.1.0":
    version "1.1.0"
    resolved "https://registry.yarnpkg.com/@protobufjs/utf8/-/utf8-1.1.0.tgz#a777360b5b39a1a2e5106f8e858f2fd2d060c570"
    integrity sha1-p3c2C1s5oaLlEG+OhY8v0tBgxXA=
  
  "@rollup/plugin-yaml@^3.0.0":
    version "3.0.0"
    resolved "https://registry.yarnpkg.com/@rollup/plugin-yaml/-/plugin-yaml-3.0.0.tgz#632af397a6faaea10c885680c575ae01f4556c1d"
    integrity sha512-nXYI3WsfG7Oq5K5k7evGQ1ZABGCPhHxMaMX4T3GRSDi9VyhkaU1+8R1RzTRFXITFJHx0QEGn8jR+P9pux5FuBQ==
    dependencies:
      "@rollup/pluginutils" "^3.1.0"
      js-yaml "^3.14.0"
      tosource "^1.0.0"
  
  "@rollup/pluginutils@^3.1.0":
    version "3.1.0"
    resolved "https://registry.yarnpkg.com/@rollup/pluginutils/-/pluginutils-3.1.0.tgz#706b4524ee6dc8b103b3c995533e5ad680c02b9b"
    integrity sha512-GksZ6pr6TpIjHm8h9lSQ8pi8BE9VeubNT0OMJ3B5uZJ8pz73NPiqOtCog/x2/QzM1ENChPKxMDhiQuRHsqc+lg==
    dependencies:
      "@types/estree" "0.0.39"
      estree-walker "^1.0.1"
      picomatch "^2.2.2"
  
  "@types/chart.js@^2.9.29":
    version "2.9.32"
    resolved "https://registry.yarnpkg.com/@types/chart.js/-/chart.js-2.9.32.tgz#b17d9a8c41ad348183a2ce041ebdeef892998251"
    integrity sha512-d45JiRQwEOlZiKwukjqmqpbqbYzUX2yrXdH9qVn6kXpPDsTYCo6YbfFOlnUaJ8S/DhJwbBJiLsMjKpW5oP8B2A==
    dependencies:
      moment "^2.10.2"
  
  "@types/estree@0.0.39":
    version "0.0.39"
    resolved "https://registry.yarnpkg.com/@types/estree/-/estree-0.0.39.tgz#e177e699ee1b8c22d23174caaa7422644389509f"
    integrity sha512-EYNwp3bU+98cpU4lAWYYL7Zz+2gryWH1qbdDTidVd6hkiR6weksdbMadyXKXNPEkQFhXM+hVO9ZygomHXp+AIw==
  
  "@types/long@^4.0.1":
    version "4.0.1"
    resolved "https://registry.yarnpkg.com/@types/long/-/long-4.0.1.tgz#459c65fa1867dafe6a8f322c4c51695663cc55e9"
    integrity sha512-5tXH6Bx/kNGd3MgffdmP4dy2Z+G4eaXw0SE81Tq3BNadtnMR5/ySMzX4SLEzHJzSmPNn4HIdpQsBvXMUykr58w==
  
  "@types/node@>=12.12.47", "@types/node@>=13.7.0":
    version "15.6.0"
    resolved "https://registry.yarnpkg.com/@types/node/-/node-15.6.0.tgz#f0ddca5a61e52627c9dcb771a6039d44694597bc"
    integrity sha512-gCYSfQpy+LYhOFTKAeE8BkyGqaxmlFxe+n4DKM6DR0wzw/HISUE/hAmkC/KT8Sw5PCJblqg062b3z9gucv3k0A==
  
  "@vitejs/plugin-vue@^1.1.4":
    version "1.2.2"
    resolved "https://registry.yarnpkg.com/@vitejs/plugin-vue/-/plugin-vue-1.2.2.tgz#b0038fc11b9099f4cd01fcbf0ee419adda417b52"
    integrity sha512-5BI2WFfs/Z0pAV4S/IQf1oH3bmFYlL5ATMBHgTt1Lf7hAnfpNd5oUAAs6hZPfk3QhvyUQgtk0rJBlabwNFcBJQ==
  
  "@vue/compiler-core@3.0.11":
    version "3.0.11"
    resolved "https://registry.yarnpkg.com/@vue/compiler-core/-/compiler-core-3.0.11.tgz#5ef579e46d7b336b8735228758d1c2c505aae69a"
    integrity sha512-6sFj6TBac1y2cWCvYCA8YzHJEbsVkX7zdRs/3yK/n1ilvRqcn983XvpBbnN3v4mZ1UiQycTvOiajJmOgN9EVgw==
    dependencies:
      "@babel/parser" "^7.12.0"
      "@babel/types" "^7.12.0"
      "@vue/shared" "3.0.11"
      estree-walker "^2.0.1"
      source-map "^0.6.1"
  
  "@vue/compiler-dom@3.0.11":
    version "3.0.11"
    resolved "https://registry.yarnpkg.com/@vue/compiler-dom/-/compiler-dom-3.0.11.tgz#b15fc1c909371fd671746020ba55b5dab4a730ee"
    integrity sha512-+3xB50uGeY5Fv9eMKVJs2WSRULfgwaTJsy23OIltKgMrynnIj8hTYY2UL97HCoz78aDw1VDXdrBQ4qepWjnQcw==
    dependencies:
      "@vue/compiler-core" "3.0.11"
      "@vue/shared" "3.0.11"
  
  "@vue/compiler-sfc@^3.0.10":
    version "3.0.11"
    resolved "https://registry.yarnpkg.com/@vue/compiler-sfc/-/compiler-sfc-3.0.11.tgz#cd8ca2154b88967b521f5ad3b10f5f8b6b665679"
    integrity sha512-7fNiZuCecRleiyVGUWNa6pn8fB2fnuJU+3AGjbjl7r1P5wBivfl02H4pG+2aJP5gh2u+0wXov1W38tfWOphsXw==
    dependencies:
      "@babel/parser" "^7.13.9"
      "@babel/types" "^7.13.0"
      "@vue/compiler-core" "3.0.11"
      "@vue/compiler-dom" "3.0.11"
      "@vue/compiler-ssr" "3.0.11"
      "@vue/shared" "3.0.11"
      consolidate "^0.16.0"
      estree-walker "^2.0.1"
      hash-sum "^2.0.0"
      lru-cache "^5.1.1"
      magic-string "^0.25.7"
      merge-source-map "^1.1.0"
      postcss "^8.1.10"
      postcss-modules "^4.0.0"
      postcss-selector-parser "^6.0.4"
      source-map "^0.6.1"
  
  "@vue/compiler-ssr@3.0.11":
    version "3.0.11"
    resolved "https://registry.yarnpkg.com/@vue/compiler-ssr/-/compiler-ssr-3.0.11.tgz#ac5a05fd1257412fa66079c823d8203b6a889a13"
    integrity sha512-66yUGI8SGOpNvOcrQybRIhl2M03PJ+OrDPm78i7tvVln86MHTKhM3ERbALK26F7tXl0RkjX4sZpucCpiKs3MnA==
    dependencies:
      "@vue/compiler-dom" "3.0.11"
      "@vue/shared" "3.0.11"
  
  "@vue/devtools-api@^6.0.0-beta.10":
    version "6.0.0-beta.10"
    resolved "https://registry.yarnpkg.com/@vue/devtools-api/-/devtools-api-6.0.0-beta.10.tgz#f39da7618cee292e39c7274227c34163e30eb3ca"
    integrity sha512-nktQYRnIFrh4DdXiCBjHnsHOMZXDIVcP9qlm/DMfxmjJMtpMGrSZCOKP8j7kDhObNHyqlicwoGLd+a4hf4x9ww==
  
  "@vue/reactivity@3.0.11":
    version "3.0.11"
    resolved "https://registry.yarnpkg.com/@vue/reactivity/-/reactivity-3.0.11.tgz#07b588349fd05626b17f3500cbef7d4bdb4dbd0b"
    integrity sha512-SKM3YKxtXHBPMf7yufXeBhCZ4XZDKP9/iXeQSC8bBO3ivBuzAi4aZi0bNoeE2IF2iGfP/AHEt1OU4ARj4ao/Xw==
    dependencies:
      "@vue/shared" "3.0.11"
  
  "@vue/runtime-core@3.0.11":
    version "3.0.11"
    resolved "https://registry.yarnpkg.com/@vue/runtime-core/-/runtime-core-3.0.11.tgz#c52dfc6acf3215493623552c1c2919080c562e44"
    integrity sha512-87XPNwHfz9JkmOlayBeCCfMh9PT2NBnv795DSbi//C/RaAnc/bGZgECjmkD7oXJ526BZbgk9QZBPdFT8KMxkAg==
    dependencies:
      "@vue/reactivity" "3.0.11"
      "@vue/shared" "3.0.11"
  
  "@vue/runtime-dom@3.0.11":
    version "3.0.11"
    resolved "https://registry.yarnpkg.com/@vue/runtime-dom/-/runtime-dom-3.0.11.tgz#7a552df21907942721feb6961c418e222a699337"
    integrity sha512-jm3FVQESY3y2hKZ2wlkcmFDDyqaPyU3p1IdAX92zTNeCH7I8zZ37PtlE1b9NlCtzV53WjB4TZAYh9yDCMIEumA==
    dependencies:
      "@vue/runtime-core" "3.0.11"
      "@vue/shared" "3.0.11"
      csstype "^2.6.8"
  
  "@vue/shared@3.0.11":
    version "3.0.11"
    resolved "https://registry.yarnpkg.com/@vue/shared/-/shared-3.0.11.tgz#20d22dd0da7d358bb21c17f9bde8628152642c77"
    integrity sha512-b+zB8A2so8eCE0JsxjL24J7vdGl8rzPQ09hZNhystm+KqSbKcAej1A+Hbva1rCMmTTqA+hFnUSDc5kouEo0JzA==
  
  anymatch@~3.1.1:
    version "3.1.2"
    resolved "https://registry.yarnpkg.com/anymatch/-/anymatch-3.1.2.tgz#c0557c096af32f106198f4f4e2a383537e378716"
    integrity sha512-P43ePfOAIupkguHUycrc4qJ9kz8ZiuOUijaETwX7THt0Y/GNK7v0aa8rY816xWjZ7rJdA5XdMcpVFTKMq+RvWg==
    dependencies:
      normalize-path "^3.0.0"
      picomatch "^2.0.4"
  
  argparse@^1.0.7:
    version "1.0.10"
    resolved "https://registry.yarnpkg.com/argparse/-/argparse-1.0.10.tgz#bcd6791ea5ae09725e17e5ad988134cd40b3d911"
    integrity sha512-o5Roy6tNG4SL/FOkCAN6RzjiakZS25RLYFrcMttJqbdd8BWrnA+fGz57iN5Pb06pvBGvl5gQ0B48dJlslXvoTg==
    dependencies:
      sprintf-js "~1.0.2"
  
  autoprefixer@^10.3.4:
    version "10.3.4"
    resolved "https://registry.yarnpkg.com/autoprefixer/-/autoprefixer-10.3.4.tgz#29efe5d19f51c281953178ddb5b84c5f1ca24c86"
    integrity sha512-EKjKDXOq7ug+jagLzmnoTRpTT0q1KVzEJqrJd0hCBa7FiG0WbFOBCcJCy2QkW1OckpO3qgttA1aWjVbeIPAecw==
    dependencies:
      browserslist "^4.16.8"
      caniuse-lite "^1.0.30001252"
      colorette "^1.3.0"
      fraction.js "^4.1.1"
      normalize-range "^0.1.2"
      postcss-value-parser "^4.1.0"
  
  axios@^0.21.1:
    version "0.21.1"
    resolved "https://registry.yarnpkg.com/axios/-/axios-0.21.1.tgz#22563481962f4d6bde9a76d516ef0e5d3c09b2b8"
    integrity sha512-dKQiRHxGD9PPRIUNIWvZhPTPpl1rf/OxTYKsqKUDjBwYylTvV7SjSHJb9ratfyzM6wCdLCOYLzs73qpg5c4iGA==
    dependencies:
      follow-redirects "^1.10.0"
  
  big.js@^5.2.2:
    version "5.2.2"
    resolved "https://registry.yarnpkg.com/big.js/-/big.js-5.2.2.tgz#65f0af382f578bcdc742bd9c281e9cb2d7768328"
    integrity sha512-vyL2OymJxmarO8gxMr0mhChsO9QGwhynfuu4+MHTAW6czfq9humCB7rKpUjDd9YUiDPU4mzpyupFSvOClAwbmQ==
  
  binary-extensions@^2.0.0:
    version "2.2.0"
    resolved "https://registry.yarnpkg.com/binary-extensions/-/binary-extensions-2.2.0.tgz#75f502eeaf9ffde42fc98829645be4ea76bd9e2d"
    integrity sha512-jDctJ/IVQbZoJykoeHbhXpOlNBqGNcwXJKJog42E5HDPUwQTSdjCHdihjj0DlnheQ7blbT6dHOafNAiS8ooQKA==
  
  bluebird@^3.7.2:
    version "3.7.2"
    resolved "https://registry.yarnpkg.com/bluebird/-/bluebird-3.7.2.tgz#9f229c15be272454ffa973ace0dbee79a1b0c36f"
    integrity sha512-XpNj6GDQzdfW+r2Wnn7xiSAd7TM3jzkxGXBGTtWKuSXv1xUV+azxAm8jdWZN06QTQk+2N2XB9jRDkvbmQmcRtg==
  
  braces@~3.0.2:
    version "3.0.2"
    resolved "https://registry.yarnpkg.com/braces/-/braces-3.0.2.tgz#3454e1a462ee8d599e236df336cd9ea4f8afe107"
    integrity sha512-b8um+L1RzM3WDSzvhm6gIz1yfTbBt6YTlcEKAvsmqCZZFw46z626lVj9j1yEPW33H5H+lBQpZMP1k8l+78Ha0A==
    dependencies:
      fill-range "^7.0.1"
  
  browserslist@^4.16.8:
    version "4.17.0"
    resolved "https://registry.yarnpkg.com/browserslist/-/browserslist-4.17.0.tgz#1fcd81ec75b41d6d4994fb0831b92ac18c01649c"
    integrity sha512-g2BJ2a0nEYvEFQC208q8mVAhfNwpZ5Mu8BwgtCdZKO3qx98HChmeg448fPdUzld8aFmfLgVh7yymqV+q1lJZ5g==
    dependencies:
      caniuse-lite "^1.0.30001254"
      colorette "^1.3.0"
      electron-to-chromium "^1.3.830"
      escalade "^3.1.1"
      node-releases "^1.1.75"
  
  caniuse-lite@^1.0.30001252, caniuse-lite@^1.0.30001254:
    version "1.0.30001255"
    resolved "https://registry.yarnpkg.com/caniuse-lite/-/caniuse-lite-1.0.30001255.tgz#f3b09b59ab52e39e751a569523618f47c4298ca0"
    integrity sha512-F+A3N9jTZL882f/fg/WWVnKSu6IOo3ueLz4zwaOPbPYHNmM/ZaDUyzyJwS1mZhX7Ex5jqTyW599Gdelh5PDYLQ==
  
  chart.js@^2.9.4:
    version "2.9.4"
    resolved "https://registry.yarnpkg.com/chart.js/-/chart.js-2.9.4.tgz#0827f9563faffb2dc5c06562f8eb10337d5b9684"
    integrity sha512-B07aAzxcrikjAPyV+01j7BmOpxtQETxTSlQ26BEYJ+3iUkbNKaOJ/nDbT6JjyqYxseM0ON12COHYdU2cTIjC7A==
    dependencies:
      chartjs-color "^2.1.0"
      moment "^2.10.2"
  
  chart.js@^3.1.1:
    version "3.2.1"
    resolved "https://registry.yarnpkg.com/chart.js/-/chart.js-3.2.1.tgz#1a17d6a88cef324ef711949e227eb51d6c4c26d3"
    integrity sha512-XsNDf3854RGZkLCt+5vWAXGAtUdKP2nhfikLGZqud6G4CvRE2ts64TIxTTfspOin2kEZvPgomE29E6oU02dYjQ==
  
  chartjs-color-string@^0.6.0:
    version "0.6.0"
    resolved "https://registry.yarnpkg.com/chartjs-color-string/-/chartjs-color-string-0.6.0.tgz#1df096621c0e70720a64f4135ea171d051402f71"
    integrity sha512-TIB5OKn1hPJvO7JcteW4WY/63v6KwEdt6udfnDE9iCAZgy+V4SrbSxoIbTw/xkUIapjEI4ExGtD0+6D3KyFd7A==
    dependencies:
      color-name "^1.0.0"
  
  chartjs-color@^2.1.0:
    version "2.4.1"
    resolved "https://registry.yarnpkg.com/chartjs-color/-/chartjs-color-2.4.1.tgz#6118bba202fe1ea79dd7f7c0f9da93467296c3b0"
    integrity sha512-haqOg1+Yebys/Ts/9bLo/BqUcONQOdr/hoEr2LLTRl6C5LXctUdHxsCYfvQVg5JIxITrfCNUDr4ntqmQk9+/0w==
    dependencies:
      chartjs-color-string "^0.6.0"
      color-convert "^1.9.3"
  
  "chokidar@>=3.0.0 <4.0.0":
    version "3.5.1"
    resolved "https://registry.yarnpkg.com/chokidar/-/chokidar-3.5.1.tgz#ee9ce7bbebd2b79f49f304799d5468e31e14e68a"
    integrity sha512-9+s+Od+W0VJJzawDma/gvBNQqkTiqYTWLuZoyAsivsI4AaWTCzHG06/TMjsf1cYe9Cb97UCEhjz7HvnPk2p/tw==
    dependencies:
      anymatch "~3.1.1"
      braces "~3.0.2"
      glob-parent "~5.1.0"
      is-binary-path "~2.1.0"
      is-glob "~4.0.1"
      normalize-path "~3.0.0"
      readdirp "~3.5.0"
    optionalDependencies:
      fsevents "~2.3.1"
  
  color-convert@^1.9.3:
    version "1.9.3"
    resolved "https://registry.yarnpkg.com/color-convert/-/color-convert-1.9.3.tgz#bb71850690e1f136567de629d2d5471deda4c1e8"
    integrity sha512-QfAUtd+vFdAtFQcC8CCyYt1fYWxSqAiK2cSD6zDB8N3cpsEBAvRxp9zOGg6G/SHHJYAT88/az/IuDGALsNVbGg==
    dependencies:
      color-name "1.1.3"
  
  color-name@1.1.3:
    version "1.1.3"
    resolved "https://registry.yarnpkg.com/color-name/-/color-name-1.1.3.tgz#a7d0558bd89c42f795dd42328f740831ca53bc25"
    integrity sha1-p9BVi9icQveV3UIyj3QIMcpTvCU=
  
  color-name@^1.0.0:
    version "1.1.4"
    resolved "https://registry.yarnpkg.com/color-name/-/color-name-1.1.4.tgz#c2a09a87acbde69543de6f63fa3995c826c536a2"
    integrity sha512-dOy+3AuW3a2wNbZHIuMZpTcgjGuLU/uBL/ubcZF9OXbDo8ff4O8yVp5Bf0efS8uEoYo5q4Fx7dY9OgQGXgAsQA==
  
  colorette@^1.2.2:
    version "1.2.2"
    resolved "https://registry.yarnpkg.com/colorette/-/colorette-1.2.2.tgz#cbcc79d5e99caea2dbf10eb3a26fd8b3e6acfa94"
    integrity sha512-MKGMzyfeuutC/ZJ1cba9NqcNpfeqMUcYmyF1ZFY6/Cn7CNSAKx6a+s48sqLqyAiZuaP2TcqMhoo+dlwFnVxT9w==
  
  colorette@^1.3.0:
    version "1.4.0"
    resolved "https://registry.yarnpkg.com/colorette/-/colorette-1.4.0.tgz#5190fbb87276259a86ad700bff2c6d6faa3fca40"
    integrity sha512-Y2oEozpomLn7Q3HFP7dpww7AtMJplbM9lGZP6RDfHqmbeRjiwRg4n6VM6j4KLmRke85uWEI7JqF17f3pqdRA0g==
  
  consolidate@^0.16.0:
    version "0.16.0"
    resolved "https://registry.yarnpkg.com/consolidate/-/consolidate-0.16.0.tgz#a11864768930f2f19431660a65906668f5fbdc16"
    integrity sha512-Nhl1wzCslqXYTJVDyJCu3ODohy9OfBMB5uD2BiBTzd7w+QY0lBzafkR8y8755yMYHAaMD4NuzbAw03/xzfw+eQ==
    dependencies:
      bluebird "^3.7.2"
  
  core-js@3.6.5:
    version "3.6.5"
    resolved "https://registry.yarnpkg.com/core-js/-/core-js-3.6.5.tgz#7395dc273af37fb2e50e9bd3d9fe841285231d1a"
    integrity sha512-vZVEEwZoIsI+vPEuoF9Iqf5H7/M3eeQqWlQnYa8FSKKePuYTf5MWnxb5SDAzCa60b3JBRS5g9b+Dq7b1y/RCrA==
  
  core-js@^3.6.5:
    version "3.12.1"
    resolved "https://registry.yarnpkg.com/core-js/-/core-js-3.12.1.tgz#6b5af4ff55616c08a44d386f1f510917ff204112"
    integrity sha512-Ne9DKPHTObRuB09Dru5AjwKjY4cJHVGu+y5f7coGn1E9Grkc3p2iBwE9AI/nJzsE29mQF7oq+mhYYRqOMFN1Bw==
  
  cssesc@^3.0.0:
    version "3.0.0"
    resolved "https://registry.yarnpkg.com/cssesc/-/cssesc-3.0.0.tgz#37741919903b868565e1c09ea747445cd18983ee"
    integrity sha512-/Tb/JcjK111nNScGob5MNtsntNM1aCNUDipB/TkwZFhyDrrE47SOx/18wF2bbjgc3ZzCSKW1T5nt5EbFoAz/Vg==
  
  csstype@^2.6.8:
    version "2.6.17"
    resolved "https://registry.yarnpkg.com/csstype/-/csstype-2.6.17.tgz#4cf30eb87e1d1a005d8b6510f95292413f6a1c0e"
    integrity sha512-u1wmTI1jJGzCJzWndZo8mk4wnPTZd1eOIYTYvuEyOQGfmDl3TrabCCfKnOC86FZwW/9djqTl933UF/cS425i9A==
  
  date-fns@^2.23.0:
    version "2.23.0"
    resolved "https://registry.yarnpkg.com/date-fns/-/date-fns-2.23.0.tgz#4e886c941659af0cf7b30fafdd1eaa37e88788a9"
    integrity sha512-5ycpauovVyAk0kXNZz6ZoB9AYMZB4DObse7P3BPWmyEjXNORTI8EJ6X0uaSAq4sCHzM1uajzrkr6HnsLQpxGXA==
  
  dayjs@^1.10.4:
    version "1.10.4"
    resolved "https://registry.yarnpkg.com/dayjs/-/dayjs-1.10.4.tgz#8e544a9b8683f61783f570980a8a80eaf54ab1e2"
    integrity sha512-RI/Hh4kqRc1UKLOAf/T5zdMMX5DQIlDxwUe3wSyMMnEbGunnpENCdbUgM+dW7kXidZqCttBrmw7BhN4TMddkCw==
  
  dom-storage@2.1.0:
    version "2.1.0"
    resolved "https://registry.yarnpkg.com/dom-storage/-/dom-storage-2.1.0.tgz#00fb868bc9201357ea243c7bcfd3304c1e34ea39"
    integrity sha512-g6RpyWXzl0RR6OTElHKBl7nwnK87GUyZMYC7JWsB/IA73vpqK2K6LT39x4VepLxlSsWBFrPVLnsSR5Jyty0+2Q==
  
  electron-to-chromium@^1.3.830:
    version "1.3.835"
    resolved "https://registry.yarnpkg.com/electron-to-chromium/-/electron-to-chromium-1.3.835.tgz#98fa4402ab7bc6afbe4953a8ca9b63cb3a6bf08b"
    integrity sha512-rHQszGg2KLMqOWPNTpwCnlp7Kb85haJa8j089DJCreZueykoSN/in+EMlay3SSDMNKR4VGPvfskxofHV18xVJg==
  
  emojis-list@^3.0.0:
    version "3.0.0"
    resolved "https://registry.yarnpkg.com/emojis-list/-/emojis-list-3.0.0.tgz#5570662046ad29e2e916e71aae260abdff4f6a78"
    integrity sha512-/kyM18EfinwXZbno9FyUGeFh87KC8HRQBQGildHZbEuRyWFOmv1U10o9BBp8XVZDVNNuQKyIGIu5ZYAAXJ0V2Q==
  
  esbuild@^0.11.23:
    version "0.11.23"
    resolved "https://registry.yarnpkg.com/esbuild/-/esbuild-0.11.23.tgz#c42534f632e165120671d64db67883634333b4b8"
    integrity sha512-iaiZZ9vUF5wJV8ob1tl+5aJTrwDczlvGP0JoMmnpC2B0ppiMCu8n8gmy5ZTGl5bcG081XBVn+U+jP+mPFm5T5Q==
  
  escalade@^3.1.1:
    version "3.1.1"
    resolved "https://registry.yarnpkg.com/escalade/-/escalade-3.1.1.tgz#d8cfdc7000965c5a0174b4a82eaa5c0552742e40"
    integrity sha512-k0er2gUkLf8O0zKJiAhmkTnJlTvINGv7ygDNPbeIsX/TJjGJZHuh9B2UxbsaEkmlEo9MfhrSzmhIlhRlI2GXnw==
  
  esprima@^4.0.0:
    version "4.0.1"
    resolved "https://registry.yarnpkg.com/esprima/-/esprima-4.0.1.tgz#13b04cdb3e6c5d19df91ab6987a8695619b0aa71"
    integrity sha512-eGuFFw7Upda+g4p+QHvnW0RyTX/SVeJBDM/gCtMARO0cLuT2HcEKnTPvhjV6aGeqrCB/sbNop0Kszm0jsaWU4A==
  
  estree-walker@^1.0.1:
    version "1.0.1"
    resolved "https://registry.yarnpkg.com/estree-walker/-/estree-walker-1.0.1.tgz#31bc5d612c96b704106b477e6dd5d8aa138cb700"
    integrity sha512-1fMXF3YP4pZZVozF8j/ZLfvnR8NSIljt56UhbZ5PeeDmmGHpgpdwQt7ITlGvYaQukCvuBRMLEiKiYC+oeIg4cg==
  
  estree-walker@^2.0.1:
    version "2.0.2"
    resolved "https://registry.yarnpkg.com/estree-walker/-/estree-walker-2.0.2.tgz#52f010178c2a4c117a7757cfe942adb7d2da4cac"
    integrity sha512-Rfkk/Mp/DL7JVje3u18FxFujQlTNR2q6QfMSMB7AvCBx91NGj/ba3kCfza0f6dVDbw7YlRf/nDrn7pQrCCyQ/w==
  
  faye-websocket@0.11.3:
    version "0.11.3"
    resolved "https://registry.yarnpkg.com/faye-websocket/-/faye-websocket-0.11.3.tgz#5c0e9a8968e8912c286639fde977a8b209f2508e"
    integrity sha512-D2y4bovYpzziGgbHYtGCMjlJM36vAl/y+xUyn1C+FVx8szd1E+86KwVw6XvYSzOP8iMpm1X0I4xJD+QtUb36OA==
    dependencies:
      websocket-driver ">=0.5.1"
  
  fill-range@^7.0.1:
    version "7.0.1"
    resolved "https://registry.yarnpkg.com/fill-range/-/fill-range-7.0.1.tgz#1919a6a7c75fe38b2c7c77e5198535da9acdda40"
    integrity sha512-qOo9F+dMUmC2Lcb4BbVvnKJxTPjCm+RRpe4gDuGrzkL7mEVl/djYSu2OdQ2Pa302N4oqkSg9ir6jaLWJ2USVpQ==
    dependencies:
      to-regex-range "^5.0.1"
  
  firebase@^8.6.2:
    version "8.6.2"
    resolved "https://registry.yarnpkg.com/firebase/-/firebase-8.6.2.tgz#af39d19cc9bbab2442b5ae3181c29c1e76a5c804"
    integrity sha512-U2FCBZ1D8qYfuSQ0SN0dGw59x08v5mHnYtDJiUMCoulbA2psk8AqmCT/aqJz8FDTQB87iPbAxGRXVnAozagM1Q==
    dependencies:
      "@firebase/analytics" "0.6.10"
      "@firebase/app" "0.6.22"
      "@firebase/app-check" "0.1.1"
      "@firebase/app-types" "0.6.2"
      "@firebase/auth" "0.16.6"
      "@firebase/database" "0.10.1"
      "@firebase/firestore" "2.3.1"
      "@firebase/functions" "0.6.9"
      "@firebase/installations" "0.4.26"
      "@firebase/messaging" "0.7.10"
      "@firebase/performance" "0.4.12"
      "@firebase/polyfill" "0.3.36"
      "@firebase/remote-config" "0.1.37"
      "@firebase/storage" "0.5.2"
      "@firebase/util" "1.1.0"
  
  follow-redirects@^1.10.0:
    version "1.14.1"
    resolved "https://registry.yarnpkg.com/follow-redirects/-/follow-redirects-1.14.1.tgz#d9114ded0a1cfdd334e164e6662ad02bfd91ff43"
    integrity sha512-HWqDgT7ZEkqRzBvc2s64vSZ/hfOceEol3ac/7tKwzuvEyWx3/4UegXh5oBOIotkGsObyk3xznnSRVADBgWSQVg==
  
  fraction.js@^4.1.1:
    version "4.1.1"
    resolved "https://registry.yarnpkg.com/fraction.js/-/fraction.js-4.1.1.tgz#ac4e520473dae67012d618aab91eda09bcb400ff"
    integrity sha512-MHOhvvxHTfRFpF1geTK9czMIZ6xclsEor2wkIGYYq+PxcQqT7vStJqjhe6S1TenZrMZzo+wlqOufBDVepUEgPg==
  
  fsevents@~2.3.1:
    version "2.3.2"
    resolved "https://registry.yarnpkg.com/fsevents/-/fsevents-2.3.2.tgz#8a526f78b8fdf4623b709e0b975c52c24c02fd1a"
    integrity sha512-xiqMQR4xAeHTuB9uWm+fFRcIOgKBMiOBP+eXiyT7jsgVCq1bkVygt00oASowB7EdtpOHaaPgKt812P9ab+DDKA==
  
  function-bind@^1.1.1:
    version "1.1.1"
    resolved "https://registry.yarnpkg.com/function-bind/-/function-bind-1.1.1.tgz#a56899d3ea3c9bab874bb9773b7c5ede92f4895d"
    integrity sha512-yIovAzMX49sF8Yl58fSCWJ5svSLuaibPxXQJFLmBObTuCr0Mf1KiPopGM9NiFjiYBCbfaa2Fh6breQ6ANVTI0A==
  
  generic-names@^2.0.1:
    version "2.0.1"
    resolved "https://registry.yarnpkg.com/generic-names/-/generic-names-2.0.1.tgz#f8a378ead2ccaa7a34f0317b05554832ae41b872"
    integrity sha512-kPCHWa1m9wGG/OwQpeweTwM/PYiQLrUIxXbt/P4Nic3LbGjCP0YwrALHW1uNLKZ0LIMg+RF+XRlj2ekT9ZlZAQ==
    dependencies:
      loader-utils "^1.1.0"
  
  glob-parent@~5.1.0:
    version "5.1.2"
    resolved "https://registry.yarnpkg.com/glob-parent/-/glob-parent-5.1.2.tgz#869832c58034fe68a4093c17dc15e8340d8401c4"
    integrity sha512-AOIgSQCepiJYwP3ARnGx+5VnTu2HBYdzbGP45eLw1vr3zB3vZLeyed1sC9hnbcOc9/SrMyM5RPQrkGz4aS9Zow==
    dependencies:
      is-glob "^4.0.1"
  
  has@^1.0.3:
    version "1.0.3"
    resolved "https://registry.yarnpkg.com/has/-/has-1.0.3.tgz#722d7cbfc1f6aa8241f16dd814e011e1f41e8796"
    integrity sha512-f2dvO0VU6Oej7RkWJGrehjbzMAjFp5/VKPp5tTpWIV4JHHZK1/BxbFRtf/siA2SWTe09caDmVtYYzWEIbBS4zw==
    dependencies:
      function-bind "^1.1.1"
  
  hash-sum@^2.0.0:
    version "2.0.0"
    resolved "https://registry.yarnpkg.com/hash-sum/-/hash-sum-2.0.0.tgz#81d01bb5de8ea4a214ad5d6ead1b523460b0b45a"
    integrity sha512-WdZTbAByD+pHfl/g9QSsBIIwy8IT+EsPiKDs0KNX+zSHhdDLFKdZu0BQHljvO+0QI/BasbMSUa8wYNCZTvhslg==
  
  http-parser-js@>=0.5.1:
    version "0.5.3"
    resolved "https://registry.yarnpkg.com/http-parser-js/-/http-parser-js-0.5.3.tgz#01d2709c79d41698bb01d4decc5e9da4e4a033d9"
    integrity sha512-t7hjvef/5HEK7RWTdUzVUhl8zkEu+LlaE0IYzdMuvbSDipxBRpOn4Uhw8ZyECEa808iVT8XCjzo6xmYt4CiLZg==
  
  icss-replace-symbols@^1.1.0:
    version "1.1.0"
    resolved "https://registry.yarnpkg.com/icss-replace-symbols/-/icss-replace-symbols-1.1.0.tgz#06ea6f83679a7749e386cfe1fe812ae5db223ded"
    integrity sha1-Bupvg2ead0njhs/h/oEq5dsiPe0=
  
  icss-utils@^5.0.0:
    version "5.1.0"
    resolved "https://registry.yarnpkg.com/icss-utils/-/icss-utils-5.1.0.tgz#c6be6858abd013d768e98366ae47e25d5887b1ae"
    integrity sha512-soFhflCVWLfRNOPU3iv5Z9VUdT44xFRbzjLsEzSr5AQmgqPMTHdU3PMT1Cf1ssx8fLNJDA1juftYl+PUcv3MqA==
  
  idb@3.0.2:
    version "3.0.2"
    resolved "https://registry.yarnpkg.com/idb/-/idb-3.0.2.tgz#c8e9122d5ddd40f13b60ae665e4862f8b13fa384"
    integrity sha512-+FLa/0sTXqyux0o6C+i2lOR0VoS60LU/jzUo5xjfY6+7sEEgy4Gz1O7yFBXvjd7N0NyIGWIRg8DcQSLEG+VSPw==
  
  is-binary-path@~2.1.0:
    version "2.1.0"
    resolved "https://registry.yarnpkg.com/is-binary-path/-/is-binary-path-2.1.0.tgz#ea1f7f3b80f064236e83470f86c09c254fb45b09"
    integrity sha512-ZMERYes6pDydyuGidse7OsHxtbI7WVeUEozgR/g7rd0xUimYNlvZRE/K2MgZTjWy725IfelLeVcEM97mmtRGXw==
    dependencies:
      binary-extensions "^2.0.0"
  
  is-core-module@^2.2.0:
    version "2.4.0"
    resolved "https://registry.yarnpkg.com/is-core-module/-/is-core-module-2.4.0.tgz#8e9fc8e15027b011418026e98f0e6f4d86305cc1"
    integrity sha512-6A2fkfq1rfeQZjxrZJGerpLCTHRNEBiSgnu0+obeJpEPZRUooHgsizvzv0ZjJwOz3iWIHdJtVWJ/tmPr3D21/A==
    dependencies:
      has "^1.0.3"
  
  is-extglob@^2.1.1:
    version "2.1.1"
    resolved "https://registry.yarnpkg.com/is-extglob/-/is-extglob-2.1.1.tgz#a88c02535791f02ed37c76a1b9ea9773c833f8c2"
    integrity sha1-qIwCU1eR8C7TfHahueqXc8gz+MI=
  
  is-glob@^4.0.1, is-glob@~4.0.1:
    version "4.0.1"
    resolved "https://registry.yarnpkg.com/is-glob/-/is-glob-4.0.1.tgz#7567dbe9f2f5e2467bc77ab83c4a29482407a5dc"
    integrity sha512-5G0tKtBTFImOqDnLB2hG6Bp2qcKEFduo4tZu9MT/H6NQv/ghhy30o55ufafxJ/LdH79LLs2Kfrn85TLKyA7BUg==
    dependencies:
      is-extglob "^2.1.1"
  
  is-number@^7.0.0:
    version "7.0.0"
    resolved "https://registry.yarnpkg.com/is-number/-/is-number-7.0.0.tgz#7535345b896734d5f80c4d06c50955527a14f12b"
    integrity sha512-41Cifkg6e8TylSpdtTpeLVMqvSBEVzTttHvERD741+pnZ8ANv0004MRL43QKPDlK9cGvNp6NZWZUBlbGXYxxng==
  
  js-yaml@^3.14.0:
    version "3.14.1"
    resolved "https://registry.yarnpkg.com/js-yaml/-/js-yaml-3.14.1.tgz#dae812fdb3825fa306609a8717383c50c36a0537"
    integrity sha512-okMH7OXXJ7YrN9Ok3/SXrnu4iX9yOk+25nqX4imS2npuvTYDmo/QEZoqwZkYaIDk3jVvBOTOIEgEhaLOynBS9g==
    dependencies:
      argparse "^1.0.7"
      esprima "^4.0.0"
  
  json5@^1.0.1:
    version "1.0.1"
    resolved "https://registry.yarnpkg.com/json5/-/json5-1.0.1.tgz#779fb0018604fa854eacbf6252180d83543e3dbe"
    integrity sha512-aKS4WQjPenRxiQsC93MNfjx+nbF4PAdYzmd/1JIj8HYzqfbu86beTuNgXDzPknWk0n0uARlyewZo4s++ES36Ow==
    dependencies:
      minimist "^1.2.0"
  
  loader-utils@^1.1.0:
    version "1.4.0"
    resolved "https://registry.yarnpkg.com/loader-utils/-/loader-utils-1.4.0.tgz#c579b5e34cb34b1a74edc6c1fb36bfa371d5a613"
    integrity sha512-qH0WSMBtn/oHuwjy/NucEgbx5dbxxnxup9s4PVXJUDHZBQY+s0NWA9rJf53RBnQZxfch7euUui7hpoAPvALZdA==
    dependencies:
      big.js "^5.2.2"
      emojis-list "^3.0.0"
      json5 "^1.0.1"
  
  lodash.camelcase@^4.3.0:
    version "4.3.0"
    resolved "https://registry.yarnpkg.com/lodash.camelcase/-/lodash.camelcase-4.3.0.tgz#b28aa6288a2b9fc651035c7711f65ab6190331a6"
    integrity sha1-soqmKIorn8ZRA1x3EfZathkDMaY=
  
  long@^4.0.0:
    version "4.0.0"
    resolved "https://registry.yarnpkg.com/long/-/long-4.0.0.tgz#9a7b71cfb7d361a194ea555241c92f7468d5bf28"
    integrity sha512-XsP+KhQif4bjX1kbuSiySJFNAehNxgLb6hPRGJ9QsUr8ajHkuXGdrHmFUTUUXhDwVX2R5bY4JNZEwbUiMhV+MA==
  
  lru-cache@^5.1.1:
    version "5.1.1"
    resolved "https://registry.yarnpkg.com/lru-cache/-/lru-cache-5.1.1.tgz#1da27e6710271947695daf6848e847f01d84b920"
    integrity sha512-KpNARQA3Iwv+jTA0utUVVbrh+Jlrr1Fv0e56GGzAFOXN7dk/FviaDW8LHmK52DlcH4WP2n6gI8vN1aesBFgo9w==
    dependencies:
      yallist "^3.0.2"
  
  magic-string@^0.25.7:
    version "0.25.7"
    resolved "https://registry.yarnpkg.com/magic-string/-/magic-string-0.25.7.tgz#3f497d6fd34c669c6798dcb821f2ef31f5445051"
    integrity sha512-4CrMT5DOHTDk4HYDlzmwu4FVCcIYI8gauveasrdCu2IKIFOJ3f0v/8MDGJCDL9oD2ppz/Av1b0Nj345H9M+XIA==
    dependencies:
      sourcemap-codec "^1.4.4"
  
  merge-source-map@^1.1.0:
    version "1.1.0"
    resolved "https://registry.yarnpkg.com/merge-source-map/-/merge-source-map-1.1.0.tgz#2fdde7e6020939f70906a68f2d7ae685e4c8c646"
    integrity sha512-Qkcp7P2ygktpMPh2mCQZaf3jhN6D3Z/qVZHSdWvQ+2Ef5HgRAPBO57A77+ENm0CPx2+1Ce/MYKi3ymqdfuqibw==
    dependencies:
      source-map "^0.6.1"
  
  minimist@^1.2.0:
    version "1.2.5"
    resolved "https://registry.yarnpkg.com/minimist/-/minimist-1.2.5.tgz#67d66014b66a6a8aaa0c083c5fd58df4e4e97602"
    integrity sha512-FM9nNUYrRBAELZQT3xeZQ7fmMOBg6nWNmJKTcgsJeaLstP/UODVpGsr5OhXhhXg6f+qtJ8uiZ+PUxkDWcgIXLw==
  
  moment@^2.10.2:
    version "2.29.1"
    resolved "https://registry.yarnpkg.com/moment/-/moment-2.29.1.tgz#b2be769fa31940be9eeea6469c075e35006fa3d3"
    integrity sha512-kHmoybcPV8Sqy59DwNDY3Jefr64lK/by/da0ViFcuA4DH0vQg5Q6Ze5VimxkfQNSC+Mls/Kx53s7TjP1RhFEDQ==
  
  nanoid@^3.1.23:
    version "3.1.23"
    resolved "https://registry.yarnpkg.com/nanoid/-/nanoid-3.1.23.tgz#f744086ce7c2bc47ee0a8472574d5c78e4183a81"
    integrity sha512-FiB0kzdP0FFVGDKlRLEQ1BgDzU87dy5NnzjeW9YZNt+/c3+q82EQDUwniSAUxp/F0gFNI1ZhKU1FqYsMuqZVnw==
  
  nanoid@^3.3.1:
    version "3.3.1"
    resolved "https://registry.yarnpkg.com/nanoid/-/nanoid-3.3.1.tgz#6347a18cac88af88f58af0b3594b723d5e99bb35"
    integrity sha512-n6Vs/3KGyxPQd6uO0eH4Bv0ojGSUvuLlIHtC3Y0kEO23YRge8H9x1GCzLn28YX0H66pMkxuaeESFq4tKISKwdw==
  
  node-fetch@2.6.1:
    version "2.6.1"
    resolved "https://registry.yarnpkg.com/node-fetch/-/node-fetch-2.6.1.tgz#045bd323631f76ed2e2b55573394416b639a0052"
    integrity sha512-V4aYg89jEoVRxRb2fJdAg8FHvI7cEyYdVAh94HH0UIK8oJxUfkjlDQN9RbMx+bEjP7+ggMiFRprSti032Oipxw==
  
  node-releases@^1.1.75:
    version "1.1.75"
    resolved "https://registry.yarnpkg.com/node-releases/-/node-releases-1.1.75.tgz#6dd8c876b9897a1b8e5a02de26afa79bb54ebbfe"
    integrity sha512-Qe5OUajvqrqDSy6wrWFmMwfJ0jVgwiw4T3KqmbTcZ62qW0gQkheXYhcFM1+lOVcGUoRxcEcfyvFMAnDgaF1VWw==
  
  normalize-path@^3.0.0, normalize-path@~3.0.0:
    version "3.0.0"
    resolved "https://registry.yarnpkg.com/normalize-path/-/normalize-path-3.0.0.tgz#0dcd69ff23a1c9b11fd0978316644a0388216a65"
    integrity sha512-6eZs5Ls3WtCisHWp9S2GUy8dqkpGi4BVSz3GaqiE6ezub0512ESztXUwUB6C6IKbQkY2Pnb/mD4WYojCRwcwLA==
  
  normalize-range@^0.1.2:
    version "0.1.2"
    resolved "https://registry.yarnpkg.com/normalize-range/-/normalize-range-0.1.2.tgz#2d10c06bdfd312ea9777695a4d28439456b75942"
    integrity sha1-LRDAa9/TEuqXd2laTShDlFa3WUI=
  
  path-parse@^1.0.6:
    version "1.0.6"
    resolved "https://registry.yarnpkg.com/path-parse/-/path-parse-1.0.6.tgz#d62dbb5679405d72c4737ec58600e9ddcf06d24c"
    integrity sha512-GSmOT2EbHrINBf9SR7CDELwlJ8AENk3Qn7OikK4nFYAu3Ote2+JYNVvkpAEQm3/TLNEJFD/xZJjzyxg3KBWOzw==
  
  picocolors@^1.0.0:
    version "1.0.0"
    resolved "https://registry.yarnpkg.com/picocolors/-/picocolors-1.0.0.tgz#cb5bdc74ff3f51892236eaf79d68bc44564ab81c"
    integrity sha512-1fygroTLlHu66zi26VoTDv8yRgm0Fccecssto+MhsZ0D/DGW2sm8E8AjW7NU5VVTRt5GxbeZ5qBuJr+HyLYkjQ==
  
  picomatch@^2.0.4, picomatch@^2.2.1, picomatch@^2.2.2:
    version "2.2.3"
    resolved "https://registry.yarnpkg.com/picomatch/-/picomatch-2.2.3.tgz#465547f359ccc206d3c48e46a1bcb89bf7ee619d"
    integrity sha512-KpELjfwcCDUb9PeigTs2mBJzXUPzAuP2oPcA989He8Rte0+YUAjw1JVedDhuTKPkHjSYzMN3npC9luThGYEKdg==
  
  postcss-modules-extract-imports@^3.0.0:
    version "3.0.0"
    resolved "https://registry.yarnpkg.com/postcss-modules-extract-imports/-/postcss-modules-extract-imports-3.0.0.tgz#cda1f047c0ae80c97dbe28c3e76a43b88025741d"
    integrity sha512-bdHleFnP3kZ4NYDhuGlVK+CMrQ/pqUm8bx/oGL93K6gVwiclvX5x0n76fYMKuIGKzlABOy13zsvqjb0f92TEXw==
  
  postcss-modules-local-by-default@^4.0.0:
    version "4.0.0"
    resolved "https://registry.yarnpkg.com/postcss-modules-local-by-default/-/postcss-modules-local-by-default-4.0.0.tgz#ebbb54fae1598eecfdf691a02b3ff3b390a5a51c"
    integrity sha512-sT7ihtmGSF9yhm6ggikHdV0hlziDTX7oFoXtuVWeDd3hHObNkcHRo9V3yg7vCAY7cONyxJC/XXCmmiHHcvX7bQ==
    dependencies:
      icss-utils "^5.0.0"
      postcss-selector-parser "^6.0.2"
      postcss-value-parser "^4.1.0"
  
  postcss-modules-scope@^3.0.0:
    version "3.0.0"
    resolved "https://registry.yarnpkg.com/postcss-modules-scope/-/postcss-modules-scope-3.0.0.tgz#9ef3151456d3bbfa120ca44898dfca6f2fa01f06"
    integrity sha512-hncihwFA2yPath8oZ15PZqvWGkWf+XUfQgUGamS4LqoP1anQLOsOJw0vr7J7IwLpoY9fatA2qiGUGmuZL0Iqlg==
    dependencies:
      postcss-selector-parser "^6.0.4"
  
  postcss-modules-values@^4.0.0:
    version "4.0.0"
    resolved "https://registry.yarnpkg.com/postcss-modules-values/-/postcss-modules-values-4.0.0.tgz#d7c5e7e68c3bb3c9b27cbf48ca0bb3ffb4602c9c"
    integrity sha512-RDxHkAiEGI78gS2ofyvCsu7iycRv7oqw5xMWn9iMoR0N/7mf9D50ecQqUo5BZ9Zh2vH4bCUR/ktCqbB9m8vJjQ==
    dependencies:
      icss-utils "^5.0.0"
  
  postcss-modules@^4.0.0:
    version "4.0.0"
    resolved "https://registry.yarnpkg.com/postcss-modules/-/postcss-modules-4.0.0.tgz#2bc7f276ab88f3f1b0fadf6cbd7772d43b5f3b9b"
    integrity sha512-ghS/ovDzDqARm4Zj6L2ntadjyQMoyJmi0JkLlYtH2QFLrvNlxH5OAVRPWPeKilB0pY7SbuhO173KOWkPAxRJcw==
    dependencies:
      generic-names "^2.0.1"
      icss-replace-symbols "^1.1.0"
      lodash.camelcase "^4.3.0"
      postcss-modules-extract-imports "^3.0.0"
      postcss-modules-local-by-default "^4.0.0"
      postcss-modules-scope "^3.0.0"
      postcss-modules-values "^4.0.0"
      string-hash "^1.1.1"
  
  postcss-selector-parser@^6.0.2, postcss-selector-parser@^6.0.4:
    version "6.0.6"
    resolved "https://registry.yarnpkg.com/postcss-selector-parser/-/postcss-selector-parser-6.0.6.tgz#2c5bba8174ac2f6981ab631a42ab0ee54af332ea"
    integrity sha512-9LXrvaaX3+mcv5xkg5kFwqSzSH1JIObIx51PrndZwlmznwXRfxMddDvo9gve3gVR8ZTKgoFDdWkbRFmEhT4PMg==
    dependencies:
      cssesc "^3.0.0"
      util-deprecate "^1.0.2"
  
  postcss-value-parser@^4.1.0:
    version "4.1.0"
    resolved "https://registry.yarnpkg.com/postcss-value-parser/-/postcss-value-parser-4.1.0.tgz#443f6a20ced6481a2bda4fa8532a6e55d789a2cb"
    integrity sha512-97DXOFbQJhk71ne5/Mt6cOu6yxsSfM0QGQyl0L25Gca4yGWEGJaig7l7gbCX623VqTBNGLRLaVUCnNkcedlRSQ==
  
  postcss@^8.1.10, postcss@^8.2.10:
    version "8.2.15"
    resolved "https://registry.yarnpkg.com/postcss/-/postcss-8.2.15.tgz#9e66ccf07292817d226fc315cbbf9bc148fbca65"
    integrity sha512-2zO3b26eJD/8rb106Qu2o7Qgg52ND5HPjcyQiK2B98O388h43A448LCslC0dI2P97wCAQRJsFvwTRcXxTKds+Q==
    dependencies:
      colorette "^1.2.2"
      nanoid "^3.1.23"
      source-map "^0.6.1"
  
  postcss@^8.4.6:
    version "8.4.7"
    resolved "https://registry.yarnpkg.com/postcss/-/postcss-8.4.7.tgz#f99862069ec4541de386bf57f5660a6c7a0875a8"
    integrity sha512-L9Ye3r6hkkCeOETQX6iOaWZgjp3LL6Lpqm6EtgbKrgqGGteRMNb9vzBfRL96YOSu8o7x3MfIH9Mo5cPJFGrW6A==
    dependencies:
      nanoid "^3.3.1"
      picocolors "^1.0.0"
      source-map-js "^1.0.2"
  
  prettier@^2.2.1:
    version "2.3.0"
    resolved "https://registry.yarnpkg.com/prettier/-/prettier-2.3.0.tgz#b6a5bf1284026ae640f17f7ff5658a7567fc0d18"
    integrity sha512-kXtO4s0Lz/DW/IJ9QdWhAf7/NmPWQXkFr/r/WkR3vyI+0v8amTDxiaQSLzs8NBlytfLWX/7uQUMIW677yLKl4w==
  
  promise-polyfill@8.1.3:
    version "8.1.3"
    resolved "https://registry.yarnpkg.com/promise-polyfill/-/promise-polyfill-8.1.3.tgz#8c99b3cf53f3a91c68226ffde7bde81d7f904116"
    integrity sha512-MG5r82wBzh7pSKDRa9y+vllNHz3e3d4CNj1PQE4BQYxLme0gKYYBm9YENq+UkEikyZ0XbiGWxYlVw3Rl9O/U8g==
  
  protobufjs@^6.8.6:
    version "6.11.2"
    resolved "https://registry.yarnpkg.com/protobufjs/-/protobufjs-6.11.2.tgz#de39fabd4ed32beaa08e9bb1e30d08544c1edf8b"
    integrity sha512-4BQJoPooKJl2G9j3XftkIXjoC9C0Av2NOrWmbLWT1vH32GcSUHjM0Arra6UfTsVyfMAuFzaLucXn1sadxJydAw==
    dependencies:
      "@protobufjs/aspromise" "^1.1.2"
      "@protobufjs/base64" "^1.1.2"
      "@protobufjs/codegen" "^2.0.4"
      "@protobufjs/eventemitter" "^1.1.0"
      "@protobufjs/fetch" "^1.1.0"
      "@protobufjs/float" "^1.0.2"
      "@protobufjs/inquire" "^1.1.0"
      "@protobufjs/path" "^1.1.2"
      "@protobufjs/pool" "^1.1.0"
      "@protobufjs/utf8" "^1.1.0"
      "@types/long" "^4.0.1"
      "@types/node" ">=13.7.0"
      long "^4.0.0"
  
  readdirp@~3.5.0:
    version "3.5.0"
    resolved "https://registry.yarnpkg.com/readdirp/-/readdirp-3.5.0.tgz#9ba74c019b15d365278d2e91bb8c48d7b4d42c9e"
    integrity sha512-cMhu7c/8rdhkHXWsY+osBhfSy0JikwpHK/5+imo+LpeasTF8ouErHrlYkwT0++njiyuDvc7OFY5T3ukvZ8qmFQ==
    dependencies:
      picomatch "^2.2.1"
  
  resolve@^1.19.0:
    version "1.20.0"
    resolved "https://registry.yarnpkg.com/resolve/-/resolve-1.20.0.tgz#629a013fb3f70755d6f0b7935cc1c2c5378b1975"
    integrity sha512-wENBPt4ySzg4ybFQW2TT1zMQucPK95HSh/nq2CFTZVOGut2+pQvSsgtda4d26YrYcr067wjbmzOG8byDPBX63A==
    dependencies:
      is-core-module "^2.2.0"
      path-parse "^1.0.6"
  
  rollup@^2.38.5:
    version "2.48.0"
    resolved "https://registry.yarnpkg.com/rollup/-/rollup-2.48.0.tgz#fceb01ed771f991f29f7bd2ff7838146e55acb74"
    integrity sha512-wl9ZSSSsi5579oscSDYSzGn092tCS076YB+TQrzsGuSfYyJeep8eEWj0eaRjuC5McuMNmcnR8icBqiE/FWNB1A==
    optionalDependencies:
      fsevents "~2.3.1"
  
  safe-buffer@>=5.1.0:
    version "5.2.1"
    resolved "https://registry.yarnpkg.com/safe-buffer/-/safe-buffer-5.2.1.tgz#1eaf9fa9bdb1fdd4ec75f58f9cdb4e6b7827eec6"
    integrity sha512-rp3So07KcdmmKbGvgaNxQSJr7bGVSVk5S9Eq1F+ppbRo70+YeaDxkw5Dd8NPN+GD6bjnYm2VuPuCXmpuYvmCXQ==
  
  sanitize.css@^12.0.1:
    version "12.0.1"
    resolved "https://registry.yarnpkg.com/sanitize.css/-/sanitize.css-12.0.1.tgz#f20369357557ba2b41d7278eeb3ea691a3bee514"
    integrity sha512-QbusSBnWHaRBZeTxsJyknwI0q+q6m1NtLBmB76JfW/rdVN7Ws6Zz70w65+430/ouVcdNVT3qwrDgrM6PaYyRtw==
  
  sass@^1.32.8:
    version "1.32.13"
    resolved "https://registry.yarnpkg.com/sass/-/sass-1.32.13.tgz#8d29c849e625a415bce71609c7cf95e15f74ed00"
    integrity sha512-dEgI9nShraqP7cXQH+lEXVf73WOPCse0QlFzSD8k+1TcOxCMwVXfQlr0jtoluZysQOyJGnfr21dLvYKDJq8HkA==
    dependencies:
      chokidar ">=3.0.0 <4.0.0"
  
  source-map-js@^1.0.2:
    version "1.0.2"
    resolved "https://registry.yarnpkg.com/source-map-js/-/source-map-js-1.0.2.tgz#adbc361d9c62df380125e7f161f71c826f1e490c"
    integrity sha512-R0XvVJ9WusLiqTCEiGCmICCMplcCkIwwR11mOSD9CR5u+IXYdiseeEuXCVAjS54zqwkLcPNnmU4OeJ6tUrWhDw==
  
  source-map@^0.6.1:
    version "0.6.1"
    resolved "https://registry.yarnpkg.com/source-map/-/source-map-0.6.1.tgz#74722af32e9614e9c287a8d0bbde48b5e2f1a263"
    integrity sha512-UjgapumWlbMhkBgzT7Ykc5YXUT46F0iKu8SGXq0bcwP5dz/h0Plj6enJqjz1Zbq2l5WaqYnrVbwWOWMyF3F47g==
  
  sourcemap-codec@^1.4.4:
    version "1.4.8"
    resolved "https://registry.yarnpkg.com/sourcemap-codec/-/sourcemap-codec-1.4.8.tgz#ea804bd94857402e6992d05a38ef1ae35a9ab4c4"
    integrity sha512-9NykojV5Uih4lgo5So5dtw+f0JgJX30KCNI8gwhz2J9A15wD0Ml6tjHKwf6fTSa6fAdVBdZeNOs9eJ71qCk8vA==
  
  sprintf-js@~1.0.2:
    version "1.0.3"
    resolved "https://registry.yarnpkg.com/sprintf-js/-/sprintf-js-1.0.3.tgz#04e6926f662895354f3dd015203633b857297e2c"
    integrity sha1-BOaSb2YolTVPPdAVIDYzuFcpfiw=
  
  string-hash@^1.1.1:
    version "1.1.3"
    resolved "https://registry.yarnpkg.com/string-hash/-/string-hash-1.1.3.tgz#e8aafc0ac1855b4666929ed7dd1275df5d6c811b"
    integrity sha1-6Kr8CsGFW0Zmkp7X3RJ1311sgRs=
  
  to-fast-properties@^2.0.0:
    version "2.0.0"
    resolved "https://registry.yarnpkg.com/to-fast-properties/-/to-fast-properties-2.0.0.tgz#dc5e698cbd079265bc73e0377681a4e4e83f616e"
    integrity sha1-3F5pjL0HkmW8c+A3doGk5Og/YW4=
  
  to-regex-range@^5.0.1:
    version "5.0.1"
    resolved "https://registry.yarnpkg.com/to-regex-range/-/to-regex-range-5.0.1.tgz#1648c44aae7c8d988a326018ed72f5b4dd0392e4"
    integrity sha512-65P7iz6X5yEr1cwcgvQxbbIw7Uk3gOy5dIdtZ4rDveLqhrdJP+Li/Hx6tyK0NEb+2GCyneCMJiGqrADCSNk8sQ==
    dependencies:
      is-number "^7.0.0"
  
  tosource@^1.0.0:
    version "1.0.0"
    resolved "https://registry.yarnpkg.com/tosource/-/tosource-1.0.0.tgz#42d88dd116618bcf00d6106dd5446f3427902ff1"
    integrity sha1-QtiN0RZhi88A1hBt1URvNCeQL/E=
  
  tslib@^2.1.0:
    version "2.2.0"
    resolved "https://registry.yarnpkg.com/tslib/-/tslib-2.2.0.tgz#fb2c475977e35e241311ede2693cee1ec6698f5c"
    integrity sha512-gS9GVHRU+RGn5KQM2rllAlR3dU6m7AcpJKdtH8gFvQiC4Otgk98XnmMU+nZenHt/+VhnBPWwgrJsyrdcw6i23w==
  
  util-deprecate@^1.0.2:
    version "1.0.2"
    resolved "https://registry.yarnpkg.com/util-deprecate/-/util-deprecate-1.0.2.tgz#450d4dc9fa70de732762fbd2d4a28981419a0ccf"
    integrity sha1-RQ1Nyfpw3nMnYvvS1KKJgUGaDM8=
  
  vite@^2.0.1:
    version "2.3.3"
    resolved "https://registry.yarnpkg.com/vite/-/vite-2.3.3.tgz#7e88a71abd03985c647789938d784cce0ee3b0fd"
    integrity sha512-eO1iwRbn3/BfkNVMNJDeANAFCZ5NobYOFPu7IqfY7DcI7I9nFGjJIZid0EViTmLDGwwSUPmRAq3cRBbO3+DsMA==
    dependencies:
      esbuild "^0.11.23"
      postcss "^8.2.10"
      resolve "^1.19.0"
      rollup "^2.38.5"
    optionalDependencies:
      fsevents "~2.3.1"
  
  vue-router@^4.0.5:
    version "4.0.8"
    resolved "https://registry.yarnpkg.com/vue-router/-/vue-router-4.0.8.tgz#55d4290a3122444edbc91a3cd2492bb1d0cef494"
    integrity sha512-42mWSQaH7CCBQDspQTHv63f34VEnZC20g9QNK4WJ/zW8SdIUeT6TQ2i/78fjF/pVBUPLBWrGhvB7uDnaz7O/pA==
    dependencies:
      "@vue/devtools-api" "^6.0.0-beta.10"
  
  vue-toastification@^2.0.0-rc.1:
    version "2.0.0-rc.1"
    resolved "https://registry.yarnpkg.com/vue-toastification/-/vue-toastification-2.0.0-rc.1.tgz#6a994c19635a493eec0ee290e84a966e07c709d2"
    integrity sha512-hjauv/FyesNZdwcr5m1SCyvu1JmlB+Ts5bTptDLDmsYYlj6Oqv8NYakiElpCF+Abwkn9J/AChh6FwkTL1HOb7Q==
  
  vue3-chart-v2@^0.8.2:
    version "0.8.2"
    resolved "https://registry.yarnpkg.com/vue3-chart-v2/-/vue3-chart-v2-0.8.2.tgz#243581a1badc5b92bb5b49454923d60a20384c46"
    integrity sha512-J+v3Q0ayYyWstPY1zOmdx6l/wkHT63Kzrp5X5PNNXrSUoJT8p608danWIJtncpWhuJB8qQ3t2/jWsg4WF8qJjg==
    dependencies:
      "@types/chart.js" "^2.9.29"
      chart.js "^2.9.4"
      core-js "^3.6.5"
      prettier "^2.2.1"
      vue "^3.0.0"
  
  vue@^3.0.0, vue@^3.0.10:
    version "3.0.11"
    resolved "https://registry.yarnpkg.com/vue/-/vue-3.0.11.tgz#c82f9594cbf4dcc869241d4c8dd3e08d9a8f4b5f"
    integrity sha512-3/eUi4InQz8MPzruHYSTQPxtM3LdZ1/S/BvaU021zBnZi0laRUyH6pfuE4wtUeLvI8wmUNwj5wrZFvbHUXL9dw==
    dependencies:
      "@vue/compiler-dom" "3.0.11"
      "@vue/runtime-dom" "3.0.11"
      "@vue/shared" "3.0.11"
  
  vuex@^4.0.0:
    version "4.0.0"
    resolved "https://registry.yarnpkg.com/vuex/-/vuex-4.0.0.tgz#ac877aa76a9c45368c979471e461b520d38e6cf5"
    integrity sha512-56VPujlHscP5q/e7Jlpqc40sja4vOhC4uJD1llBCWolVI8ND4+VzisDVkUMl+z5y0MpIImW6HjhNc+ZvuizgOw==
  
  wave-ui@^2.31.4:
    version "2.31.4"
    resolved "https://registry.yarnpkg.com/wave-ui/-/wave-ui-2.31.4.tgz#ee2c2e7a4a8142242d396bac529503ffe8175ba6"
    integrity sha512-GmWsMWztiiMQaikJjhftw2pR9Hh7VODfOipDBpaLYTkwGK62GPmyxBoRvDS2aOt44lpZhMzOERrrgEWjZUU7ig==
    dependencies:
      postcss "^8.4.6"
  
  websocket-driver@>=0.5.1:
    version "0.7.4"
    resolved "https://registry.yarnpkg.com/websocket-driver/-/websocket-driver-0.7.4.tgz#89ad5295bbf64b480abcba31e4953aca706f5760"
    integrity sha512-b17KeDIQVjvb0ssuSDF2cYXSg2iztliJ4B9WdsuB6J952qCPKmnVq4DyW5motImXHDC1cBT/1UezrJVsKw5zjg==
    dependencies:
      http-parser-js ">=0.5.1"
      safe-buffer ">=5.1.0"
      websocket-extensions ">=0.1.1"
  
  websocket-extensions@>=0.1.1:
    version "0.1.4"
    resolved "https://registry.yarnpkg.com/websocket-extensions/-/websocket-extensions-0.1.4.tgz#7f8473bc839dfd87608adb95d7eb075211578a42"
    integrity sha512-OqedPIGOfsDlo31UNwYbCFMSaO9m9G/0faIHj5/dZFDMFqPTcx6UwqyOy3COEaEOg/9VsGIpdqn62W5KhoKSpg==
  
  whatwg-fetch@2.0.4:
    version "2.0.4"
    resolved "https://registry.yarnpkg.com/whatwg-fetch/-/whatwg-fetch-2.0.4.tgz#dde6a5df315f9d39991aa17621853d720b85566f"
    integrity sha512-dcQ1GWpOD/eEQ97k66aiEVpNnapVj90/+R+SXTPYGHpYBBypfKJEQjLrvMZ7YXbKm21gXd4NcuxUTjiv1YtLng==
  
  xmlhttprequest@1.8.0:
    version "1.8.0"
    resolved "https://registry.yarnpkg.com/xmlhttprequest/-/xmlhttprequest-1.8.0.tgz#67fe075c5c24fef39f9d65f5f7b7fe75171968fc"
    integrity sha1-Z/4HXFwk/vOfnWX197f+dRcZaPw=
  
  yallist@^3.0.2:
    version "3.1.1"
    resolved "https://registry.yarnpkg.com/yallist/-/yallist-3.1.1.tgz#dbb7daf9bfd8bac9ab45ebf602b8cbad0d5d08fd"
    integrity sha512-a4UGQaWPH59mOXUYnAG2ewncQS4i4F43Tv3JoAM+s2VDAmS9NsK8GpDMLrCHPksFT7h3K6TOoUNn2pb7RoXx4g==
